<?xml version="1.0" encoding="UTF-8"?>
<testsuite xmlns:xsi="http://www.w3.org/2001/XMLSchema-instance" xsi:schemaLocation="https://maven.apache.org/surefire/maven-surefire-plugin/xsd/surefire-test-report.xsd" name="PlanetEndpointTest" time="4.495" tests="4" errors="0" skipped="0" failures="0">
  <properties>
[...]
</properties>
  <testcase name="gravityIsStandardTest" classname="PlanetEndpointTest" time="0"/>
  <testcase name="planetIsTatooineTest" classname="PlanetEndpointTest" time="0"/>
  <testcase name="diameterIsLessThan20000Test" classname="PlanetEndpointTest" time="0"/>
  <testcase name="terrainIsDesertTest" classname="PlanetEndpointTest" time="0"/>
</testsuite>